<?xml version="1.0" encoding="UTF-8"?>
<!-- Generated by org.testng.reporters.JUnitXMLReporter -->
<testsuite hostname="Main" name="Test de  Modulos" tests="2"
	failures="0" timestamp="21 Oct 2014 20:42:53 GMT" time="35.866" errors="0">
	<testcase name="show_auto_join" time="17.273"
		classname="teammates.test.cases.ui.browsertests.StudentCoursePageUiTest" />
	<testcase name="show_recent_only" time="5.696"
		classname="teammates.test.cases.ui.browsertests.StudentHomePageUiTest" />
</testsuite> <!-- Test de Modulos -->
